build/app/intermediates/manifest_merge_blame_file/debug/manifest-merger-blame-debug-report.txt
1<?xml version="1.0" encoding="utf-8"?>
2<manifest xmlns:android="http://schemas.android.com/apk/res/android"
3    package="br.com.facility.facility"
4    android:versionCode="1"
5    android:versionName="1.0.0" >
6
7    <uses-sdk
8        android:minSdkVersion="22"
9        android:targetSdkVersion="33" />
10    <!--
11         The INTERNET permission is required for development. Specifically,
12         the Flutter tool needs it to communicate with the running application
13         to allow setting breakpoints, to provide hot reload, etc.
14    -->
15    <uses-permission android:name="android.permission.INTERNET" />
15-->src\debug\AndroidManifest.xml:6:5-66
15-->src\debug\AndroidManifest.xml:6:22-64
16    <uses-permission android:name="android.permission.USE_BIOMETRIC" />
16-->src\main\AndroidManifest.xml:2:5-71
16-->src\main\AndroidManifest.xml:2:22-69
17    <uses-permission android:name="android.permission.USE_FINGERPRINT" />
17-->src\main\AndroidManifest.xml:3:5-73
17-->src\main\AndroidManifest.xml:3:22-71
18    <uses-permission android:name="android.permission.ACCESS_NETWORK_STATE" />
18-->[:connectivity_plus] AndroidManifest.xml:9:5-79
18-->[:connectivity_plus] AndroidManifest.xml:9:22-76
19
20    <permission
20-->[androidx.core:core:1.10.1] AndroidManifest.xml:22:5-24:47
21        android:name="br.com.facility.facility.DYNAMIC_RECEIVER_NOT_EXPORTED_PERMISSION"
21-->[androidx.core:core:1.10.1] AndroidManifest.xml:23:9-81
22        android:protectionLevel="signature" />
22-->[androidx.core:core:1.10.1] AndroidManifest.xml:24:9-44
23
24    <uses-permission android:name="br.com.facility.facility.DYNAMIC_RECEIVER_NOT_EXPORTED_PERMISSION" />
24-->[androidx.core:core:1.10.1] AndroidManifest.xml:26:5-97
24-->[androidx.core:core:1.10.1] AndroidManifest.xml:26:22-94
25
26    <application
27        android:name="android.app.Application"
28        android:appComponentFactory="androidx.core.app.CoreComponentFactory"
28-->[androidx.core:core:1.10.1] AndroidManifest.xml:28:18-86
29        android:debuggable="true"
30        android:icon="@mipmap/ic_launcher"
31        android:label="facility" >
32        <activity
33            android:name="br.com.facility.facility.MainActivity"
34            android:configChanges="orientation|keyboardHidden|keyboard|screenSize|smallestScreenSize|locale|layoutDirection|fontScale|screenLayout|density|uiMode"
35            android:exported="true"
36            android:hardwareAccelerated="true"
37            android:launchMode="singleTop"
38            android:theme="@style/LaunchTheme"
39            android:windowSoftInputMode="adjustResize" >
40
41            <!--
42                 Specifies an Android theme to apply to this Activity as soon as
43                 the Android process has started. This theme is visible to the user
44                 while the Flutter UI initializes. After that, this theme continues
45                 to determine the Window background behind the Flutter UI.
46            -->
47            <meta-data
48                android:name="io.flutter.embedding.android.NormalTheme"
49                android:resource="@style/NormalTheme" />
50
51            <intent-filter>
52                <action android:name="android.intent.action.MAIN" />
53
54                <category android:name="android.intent.category.LAUNCHER" />
55            </intent-filter>
56        </activity>
57        <!--
58             Don't delete the meta-data below.
59             This is used by the Flutter tool to generate GeneratedPluginRegistrant.java
60        -->
61        <meta-data
62            android:name="flutterEmbedding"
63            android:value="2" />
64
65        <service
65-->[:firebase_auth] AndroidManifest.xml:10:9-14:19
66            android:name="com.google.firebase.components.ComponentDiscoveryService"
66-->[:firebase_auth] AndroidManifest.xml:10:18-89
67            android:directBootAware="true"
67-->[com.google.firebase:firebase-common:20.4.2] AndroidManifest.xml:32:13-43
68            android:exported="false" >
68-->[com.google.firebase:firebase-auth:22.3.0] AndroidManifest.xml:68:13-37
69            <meta-data
69-->[:firebase_auth] AndroidManifest.xml:11:13-13:85
70                android:name="com.google.firebase.components:io.flutter.plugins.firebase.auth.FlutterFirebaseAuthRegistrar"
70-->[:firebase_auth] AndroidManifest.xml:12:17-124
71                android:value="com.google.firebase.components.ComponentRegistrar" />
71-->[:firebase_auth] AndroidManifest.xml:13:17-82
72            <meta-data
72-->[:firebase_core] AndroidManifest.xml:11:13-13:85
73                android:name="com.google.firebase.components:io.flutter.plugins.firebase.core.FlutterFirebaseCoreRegistrar"
73-->[:firebase_core] AndroidManifest.xml:12:17-124
74                android:value="com.google.firebase.components.ComponentRegistrar" />
74-->[:firebase_core] AndroidManifest.xml:13:17-82
75            <meta-data
75-->[com.google.firebase:firebase-auth:22.3.0] AndroidManifest.xml:69:13-71:85
76                android:name="com.google.firebase.components:com.google.firebase.auth.FirebaseAuthRegistrar"
76-->[com.google.firebase:firebase-auth:22.3.0] AndroidManifest.xml:70:17-109
77                android:value="com.google.firebase.components.ComponentRegistrar" />
77-->[com.google.firebase:firebase-auth:22.3.0] AndroidManifest.xml:71:17-82
78            <meta-data
78-->[com.google.firebase:firebase-common-ktx:20.4.2] AndroidManifest.xml:12:13-14:85
79                android:name="com.google.firebase.components:com.google.firebase.ktx.FirebaseCommonLegacyRegistrar"
79-->[com.google.firebase:firebase-common-ktx:20.4.2] AndroidManifest.xml:13:17-116
80                android:value="com.google.firebase.components.ComponentRegistrar" />
80-->[com.google.firebase:firebase-common-ktx:20.4.2] AndroidManifest.xml:14:17-82
81            <meta-data
81-->[com.google.firebase:firebase-common:20.4.2] AndroidManifest.xml:35:13-37:85
82                android:name="com.google.firebase.components:com.google.firebase.FirebaseCommonKtxRegistrar"
82-->[com.google.firebase:firebase-common:20.4.2] AndroidManifest.xml:36:17-109
83                android:value="com.google.firebase.components.ComponentRegistrar" />
83-->[com.google.firebase:firebase-common:20.4.2] AndroidManifest.xml:37:17-82
84        </service>
85
86        <activity
86-->[com.google.firebase:firebase-auth:22.3.0] AndroidManifest.xml:29:9-46:20
87            android:name="com.google.firebase.auth.internal.GenericIdpActivity"
87-->[com.google.firebase:firebase-auth:22.3.0] AndroidManifest.xml:30:13-80
88            android:excludeFromRecents="true"
88-->[com.google.firebase:firebase-auth:22.3.0] AndroidManifest.xml:31:13-46
89            android:exported="true"
89-->[com.google.firebase:firebase-auth:22.3.0] AndroidManifest.xml:32:13-36
90            android:launchMode="singleTask"
90-->[com.google.firebase:firebase-auth:22.3.0] AndroidManifest.xml:33:13-44
91            android:theme="@android:style/Theme.Translucent.NoTitleBar" >
91-->[com.google.firebase:firebase-auth:22.3.0] AndroidManifest.xml:34:13-72
92            <intent-filter>
92-->[com.google.firebase:firebase-auth:22.3.0] AndroidManifest.xml:35:13-45:29
93                <action android:name="android.intent.action.VIEW" />
93-->[com.google.firebase:firebase-auth:22.3.0] AndroidManifest.xml:36:17-69
93-->[com.google.firebase:firebase-auth:22.3.0] AndroidManifest.xml:36:25-66
94
95                <category android:name="android.intent.category.DEFAULT" />
95-->[com.google.firebase:firebase-auth:22.3.0] AndroidManifest.xml:38:17-76
95-->[com.google.firebase:firebase-auth:22.3.0] AndroidManifest.xml:38:27-73
96                <category android:name="android.intent.category.BROWSABLE" />
96-->[com.google.firebase:firebase-auth:22.3.0] AndroidManifest.xml:39:17-78
96-->[com.google.firebase:firebase-auth:22.3.0] AndroidManifest.xml:39:27-75
97
98                <data
98-->[com.google.firebase:firebase-auth:22.3.0] AndroidManifest.xml:41:17-44:51
99                    android:host="firebase.auth"
99-->[com.google.firebase:firebase-auth:22.3.0] AndroidManifest.xml:42:21-49
100                    android:path="/"
100-->[com.google.firebase:firebase-auth:22.3.0] AndroidManifest.xml:43:21-37
101                    android:scheme="genericidp" />
101-->[com.google.firebase:firebase-auth:22.3.0] AndroidManifest.xml:44:21-48
102            </intent-filter>
103        </activity>
104        <activity
104-->[com.google.firebase:firebase-auth:22.3.0] AndroidManifest.xml:47:9-64:20
105            android:name="com.google.firebase.auth.internal.RecaptchaActivity"
105-->[com.google.firebase:firebase-auth:22.3.0] AndroidManifest.xml:48:13-79
106            android:excludeFromRecents="true"
106-->[com.google.firebase:firebase-auth:22.3.0] AndroidManifest.xml:49:13-46
107            android:exported="true"
107-->[com.google.firebase:firebase-auth:22.3.0] AndroidManifest.xml:50:13-36
108            android:launchMode="singleTask"
108-->[com.google.firebase:firebase-auth:22.3.0] AndroidManifest.xml:51:13-44
109            android:theme="@android:style/Theme.Translucent.NoTitleBar" >
109-->[com.google.firebase:firebase-auth:22.3.0] AndroidManifest.xml:52:13-72
110            <intent-filter>
110-->[com.google.firebase:firebase-auth:22.3.0] AndroidManifest.xml:53:13-63:29
111                <action android:name="android.intent.action.VIEW" />
111-->[com.google.firebase:firebase-auth:22.3.0] AndroidManifest.xml:36:17-69
111-->[com.google.firebase:firebase-auth:22.3.0] AndroidManifest.xml:36:25-66
112
113                <category android:name="android.intent.category.DEFAULT" />
113-->[com.google.firebase:firebase-auth:22.3.0] AndroidManifest.xml:38:17-76
113-->[com.google.firebase:firebase-auth:22.3.0] AndroidManifest.xml:38:27-73
114                <category android:name="android.intent.category.BROWSABLE" />
114-->[com.google.firebase:firebase-auth:22.3.0] AndroidManifest.xml:39:17-78
114-->[com.google.firebase:firebase-auth:22.3.0] AndroidManifest.xml:39:27-75
115
116                <data
116-->[com.google.firebase:firebase-auth:22.3.0] AndroidManifest.xml:41:17-44:51
117                    android:host="firebase.auth"
117-->[com.google.firebase:firebase-auth:22.3.0] AndroidManifest.xml:42:21-49
118                    android:path="/"
118-->[com.google.firebase:firebase-auth:22.3.0] AndroidManifest.xml:43:21-37
119                    android:scheme="recaptcha" />
119-->[com.google.firebase:firebase-auth:22.3.0] AndroidManifest.xml:44:21-48
120            </intent-filter>
121        </activity>
122
123        <provider
123-->[com.google.firebase:firebase-common:20.4.2] AndroidManifest.xml:23:9-28:39
124            android:name="com.google.firebase.provider.FirebaseInitProvider"
124-->[com.google.firebase:firebase-common:20.4.2] AndroidManifest.xml:24:13-77
125            android:authorities="br.com.facility.facility.firebaseinitprovider"
125-->[com.google.firebase:firebase-common:20.4.2] AndroidManifest.xml:25:13-72
126            android:directBootAware="true"
126-->[com.google.firebase:firebase-common:20.4.2] AndroidManifest.xml:26:13-43
127            android:exported="false"
127-->[com.google.firebase:firebase-common:20.4.2] AndroidManifest.xml:27:13-37
128            android:initOrder="100" />
128-->[com.google.firebase:firebase-common:20.4.2] AndroidManifest.xml:28:13-36
129
130        <activity
130-->[com.google.android.gms:play-services-base:18.0.1] AndroidManifest.xml:20:9-22:45
131            android:name="com.google.android.gms.common.api.GoogleApiActivity"
131-->[com.google.android.gms:play-services-base:18.0.1] AndroidManifest.xml:20:19-85
132            android:exported="false"
132-->[com.google.android.gms:play-services-base:18.0.1] AndroidManifest.xml:22:19-43
133            android:theme="@android:style/Theme.Translucent.NoTitleBar" />
133-->[com.google.android.gms:play-services-base:18.0.1] AndroidManifest.xml:21:19-78
134
135        <meta-data
135-->[com.google.android.gms:play-services-basement:18.1.0] AndroidManifest.xml:21:9-23:69
136            android:name="com.google.android.gms.version"
136-->[com.google.android.gms:play-services-basement:18.1.0] AndroidManifest.xml:22:13-58
137            android:value="@integer/google_play_services_version" />
137-->[com.google.android.gms:play-services-basement:18.1.0] AndroidManifest.xml:23:13-66
138
139        <uses-library
139-->[androidx.window:window:1.0.0-beta04] AndroidManifest.xml:25:9-27:40
140            android:name="androidx.window.extensions"
140-->[androidx.window:window:1.0.0-beta04] AndroidManifest.xml:26:13-54
141            android:required="false" />
141-->[androidx.window:window:1.0.0-beta04] AndroidManifest.xml:27:13-37
142        <uses-library
142-->[androidx.window:window:1.0.0-beta04] AndroidManifest.xml:28:9-30:40
143            android:name="androidx.window.sidecar"
143-->[androidx.window:window:1.0.0-beta04] AndroidManifest.xml:29:13-51
144            android:required="false" />
144-->[androidx.window:window:1.0.0-beta04] AndroidManifest.xml:30:13-37
145
146        <provider
146-->[androidx.profileinstaller:profileinstaller:1.3.0] AndroidManifest.xml:24:9-32:20
147            android:name="androidx.startup.InitializationProvider"
147-->[androidx.profileinstaller:profileinstaller:1.3.0] AndroidManifest.xml:25:13-67
148            android:authorities="br.com.facility.facility.androidx-startup"
148-->[androidx.profileinstaller:profileinstaller:1.3.0] AndroidManifest.xml:26:13-68
149            android:exported="false" >
149-->[androidx.profileinstaller:profileinstaller:1.3.0] AndroidManifest.xml:27:13-37
150            <meta-data
150-->[androidx.profileinstaller:profileinstaller:1.3.0] AndroidManifest.xml:29:13-31:52
151                android:name="androidx.profileinstaller.ProfileInstallerInitializer"
151-->[androidx.profileinstaller:profileinstaller:1.3.0] AndroidManifest.xml:30:17-85
152                android:value="androidx.startup" />
152-->[androidx.profileinstaller:profileinstaller:1.3.0] AndroidManifest.xml:31:17-49
153        </provider>
154
155        <receiver
155-->[androidx.profileinstaller:profileinstaller:1.3.0] AndroidManifest.xml:34:9-52:20
156            android:name="androidx.profileinstaller.ProfileInstallReceiver"
156-->[androidx.profileinstaller:profileinstaller:1.3.0] AndroidManifest.xml:35:13-76
157            android:directBootAware="false"
157-->[androidx.profileinstaller:profileinstaller:1.3.0] AndroidManifest.xml:36:13-44
158            android:enabled="true"
158-->[androidx.profileinstaller:profileinstaller:1.3.0] AndroidManifest.xml:37:13-35
159            android:exported="true"
159-->[androidx.profileinstaller:profileinstaller:1.3.0] AndroidManifest.xml:38:13-36
160            android:permission="android.permission.DUMP" >
160-->[androidx.profileinstaller:profileinstaller:1.3.0] AndroidManifest.xml:39:13-57
161            <intent-filter>
161-->[androidx.profileinstaller:profileinstaller:1.3.0] AndroidManifest.xml:40:13-42:29
162                <action android:name="androidx.profileinstaller.action.INSTALL_PROFILE" />
162-->[androidx.profileinstaller:profileinstaller:1.3.0] AndroidManifest.xml:41:17-91
162-->[androidx.profileinstaller:profileinstaller:1.3.0] AndroidManifest.xml:41:25-88
163            </intent-filter>
164            <intent-filter>
164-->[androidx.profileinstaller:profileinstaller:1.3.0] AndroidManifest.xml:43:13-45:29
165                <action android:name="androidx.profileinstaller.action.SKIP_FILE" />
165-->[androidx.profileinstaller:profileinstaller:1.3.0] AndroidManifest.xml:44:17-85
165-->[androidx.profileinstaller:profileinstaller:1.3.0] AndroidManifest.xml:44:25-82
166            </intent-filter>
167            <intent-filter>
167-->[androidx.profileinstaller:profileinstaller:1.3.0] AndroidManifest.xml:46:13-48:29
168                <action android:name="androidx.profileinstaller.action.SAVE_PROFILE" />
168-->[androidx.profileinstaller:profileinstaller:1.3.0] AndroidManifest.xml:47:17-88
168-->[androidx.profileinstaller:profileinstaller:1.3.0] AndroidManifest.xml:47:25-85
169            </intent-filter>
170            <intent-filter>
170-->[androidx.profileinstaller:profileinstaller:1.3.0] AndroidManifest.xml:49:13-51:29
171                <action android:name="androidx.profileinstaller.action.BENCHMARK_OPERATION" />
171-->[androidx.profileinstaller:profileinstaller:1.3.0] AndroidManifest.xml:50:17-95
171-->[androidx.profileinstaller:profileinstaller:1.3.0] AndroidManifest.xml:50:25-92
172            </intent-filter>
173        </receiver>
174    </application>
175
176</manifest>